<?xml version="1.0" encoding="UTF-8"?>
<!-- Generated by org.testng.reporters.JUnitXMLReporter -->
<testsuite ignored="0" hostname="DESKTOP-5N1P76C" failures="0" tests="4" name="Surefire test" time="0.04" errors="0" timestamp="2023-10-27T11:11:02 IST">
  <testcase classname="com.lbrce.cse.UserValidationTest" name="testCase1" time="0.009"/>
  <testcase classname="com.lbrce.cse.UserValidationTest" name="testCase2" time="0.0"/>
  <testcase classname="com.lbrce.cse.UserValidationTest" name="testCase3" time="0.0"/>
  <testcase classname="com.lbrce.cse.UserValidationTest" name="testCase4" time="0.0"/>
</testsuite> <!-- Surefire test -->
