<?xml version="1.0" encoding="UTF-8"?>
<testng-results ignored="0" total="4" passed="4" failed="0" skipped="0">
  <reporter-output>
  </reporter-output>
  <suite started-at="2023-10-27T11:11:02 IST" name="Surefire suite" finished-at="2023-10-27T11:11:02 IST" duration-ms="40">
    <groups>
    </groups>
    <test started-at="2023-10-27T11:11:02 IST" name="Surefire test" finished-at="2023-10-27T11:11:02 IST" duration-ms="40">
      <class name="com.lbrce.cse.UserValidationTest">
        <test-method signature="testCase1()[pri:0, instance:com.lbrce.cse.UserValidationTest@4c6e276e]" started-at="2023-10-27T11:11:02 IST" name="testCase1" finished-at="2023-10-27T11:11:02 IST" duration-ms="9" status="PASS">
          <reporter-output>
          </reporter-output>
        </test-method> <!-- testCase1 -->
        <test-method signature="testCase2()[pri:0, instance:com.lbrce.cse.UserValidationTest@4c6e276e]" started-at="2023-10-27T11:11:02 IST" name="testCase2" finished-at="2023-10-27T11:11:02 IST" duration-ms="0" status="PASS">
          <reporter-output>
          </reporter-output>
        </test-method> <!-- testCase2 -->
        <test-method signature="testCase3()[pri:0, instance:com.lbrce.cse.UserValidationTest@4c6e276e]" started-at="2023-10-27T11:11:02 IST" name="testCase3" finished-at="2023-10-27T11:11:02 IST" duration-ms="0" status="PASS">
          <reporter-output>
          </reporter-output>
        </test-method> <!-- testCase3 -->
        <test-method signature="testCase4()[pri:0, instance:com.lbrce.cse.UserValidationTest@4c6e276e]" started-at="2023-10-27T11:11:02 IST" name="testCase4" finished-at="2023-10-27T11:11:02 IST" duration-ms="0" status="PASS">
          <reporter-output>
          </reporter-output>
        </test-method> <!-- testCase4 -->
      </class> <!-- com.lbrce.cse.UserValidationTest -->
    </test> <!-- Surefire test -->
  </suite> <!-- Surefire suite -->
</testng-results>
